<?xml version="1.0" encoding="UTF-8"?>
<!-- Generated by org.testng.reporters.JUnitXMLReporter -->
<testsuite ignored="0" hostname="DESKTOP-V67KR6L" failures="1" tests="5" name="parameters" time="29.438" errors="0" timestamp="2022-01-21T13:05:23 EST">
  <testcase classname="tests.AmazonTests" name="amazonSearchTest" time="16.066"/>
  <testcase classname="tests.AmazonTests" name="google" time="0.004"/>
  <testcase classname="tests.AmazonTests" name="etsy" time="0.003"/>
  <testcase classname="tests.AmazonTests" name="facebook" time="0.007">
    <failure type="java.lang.AssertionError" message="null">
      <![CDATA[java.lang.AssertionError: null
at tests.AmazonTests.facebook(AmazonTests.java:52)
at java.base/java.util.ArrayList.forEach(ArrayList.java:1511)
... Removed 29 stack frames]]>
    </failure>
  </testcase> <!-- facebook -->
  <testcase classname="tests.AmazonTests" name="amazon" time="0.001">
    <skipped/>
  </testcase> <!-- amazon -->
</testsuite> <!-- parameters -->
